0 info it worked if it ends with ok
1 verbose cli [ '/usr/local/Cellar/node/7.7.3/bin/node',
1 verbose cli   '/usr/local/bin/npm',
1 verbose cli   'i',
1 verbose cli   '-S',
1 verbose cli   'cs.forms' ]
2 info using npm@4.1.2
3 info using node@v7.7.3
4 silly loadCurrentTree Starting
5 silly install loadCurrentTree
6 silly install readLocalPackageData
7 silly fetchPackageMetaData cs.forms
8 silly fetchNamedPackageData cs.forms
9 silly mapToRegistry name cs.forms
10 silly mapToRegistry using default registry
11 silly mapToRegistry registry https://registry.npmjs.org/
12 silly mapToRegistry data Result {
12 silly mapToRegistry   raw: 'cs.forms',
12 silly mapToRegistry   scope: null,
12 silly mapToRegistry   escapedName: 'cs.forms',
12 silly mapToRegistry   name: 'cs.forms',
12 silly mapToRegistry   rawSpec: '',
12 silly mapToRegistry   spec: 'latest',
12 silly mapToRegistry   type: 'tag' }
13 silly mapToRegistry uri https://registry.npmjs.org/cs.forms
14 verbose request uri https://registry.npmjs.org/cs.forms
15 verbose request no auth needed
16 info attempt registry request try #1 at 11:55:35 am
17 verbose request id 549ac576f4feae0d
18 verbose etag W/"59a6420a-317d"
19 verbose lastModified Wed, 30 Aug 2017 04:41:46 GMT
20 http request GET https://registry.npmjs.org/cs.forms
21 http 200 https://registry.npmjs.org/cs.forms
22 verbose headers { server: 'nginx/1.10.3',
22 verbose headers   'content-type': 'application/json',
22 verbose headers   'last-modified': 'Wed, 06 Sep 2017 01:19:48 GMT',
22 verbose headers   etag: 'W/"59af4d34-18870"',
22 verbose headers   'content-encoding': 'gzip',
22 verbose headers   'cache-control': 'max-age=300',
22 verbose headers   'content-length': '6453',
22 verbose headers   'accept-ranges': 'bytes',
22 verbose headers   date: 'Wed, 06 Sep 2017 01:55:35 GMT',
22 verbose headers   via: '1.1 varnish',
22 verbose headers   age: '0',
22 verbose headers   connection: 'keep-alive',
22 verbose headers   'x-served-by': 'cache-syd1620-SYD',
22 verbose headers   'x-cache': 'MISS',
22 verbose headers   'x-cache-hits': '0',
22 verbose headers   'x-timer': 'S1504662935.274678,VS0,VE3',
22 verbose headers   vary: 'Accept-Encoding, Accept' }
23 silly get cb [ 200,
23 silly get   { server: 'nginx/1.10.3',
23 silly get     'content-type': 'application/json',
23 silly get     'last-modified': 'Wed, 06 Sep 2017 01:19:48 GMT',
23 silly get     etag: 'W/"59af4d34-18870"',
23 silly get     'content-encoding': 'gzip',
23 silly get     'cache-control': 'max-age=300',
23 silly get     'content-length': '6453',
23 silly get     'accept-ranges': 'bytes',
23 silly get     date: 'Wed, 06 Sep 2017 01:55:35 GMT',
23 silly get     via: '1.1 varnish',
23 silly get     age: '0',
23 silly get     connection: 'keep-alive',
23 silly get     'x-served-by': 'cache-syd1620-SYD',
23 silly get     'x-cache': 'MISS',
23 silly get     'x-cache-hits': '0',
23 silly get     'x-timer': 'S1504662935.274678,VS0,VE3',
23 silly get     vary: 'Accept-Encoding, Accept' } ]
24 verbose get saving cs.forms to /Users/jeremy/.npm/registry.npmjs.org/cs.forms/.cache.json
25 verbose correctMkdir /Users/jeremy/.npm correctMkdir not in flight; initializing
26 silly install normalizeTree
27 silly loadCurrentTree Finishing
28 silly loadIdealTree Starting
29 silly install loadIdealTree
30 silly cloneCurrentTree Starting
31 silly install cloneCurrentTreeToIdealTree
32 silly cloneCurrentTree Finishing
33 silly loadShrinkwrap Starting
34 silly install loadShrinkwrap
35 silly loadShrinkwrap Finishing
36 silly loadAllDepsIntoIdealTree Starting
37 silly install loadAllDepsIntoIdealTree
38 silly rollbackFailedOptional Starting
39 silly rollbackFailedOptional Finishing
40 silly runTopLevelLifecycles Finishing
41 silly install printInstalled
42 verbose stack Error: Refusing to install package with name "cs.forms" under a package
42 verbose stack also called "cs.forms". Did you name your project the same
42 verbose stack as the dependency you're installing?
42 verbose stack
42 verbose stack For more information, see:
42 verbose stack     <https://docs.npmjs.com/cli/install#limitations-of-npms-install-algorithm>
42 verbose stack     at checkSelf (/usr/local/lib/node_modules/npm/lib/install/validate-args.js:53:14)
42 verbose stack     at Array.<anonymous> (/usr/local/lib/node_modules/npm/node_modules/slide/lib/bind-actor.js:15:8)
42 verbose stack     at LOOP (/usr/local/lib/node_modules/npm/node_modules/slide/lib/chain.js:15:14)
42 verbose stack     at chain (/usr/local/lib/node_modules/npm/node_modules/slide/lib/chain.js:20:5)
42 verbose stack     at /usr/local/lib/node_modules/npm/lib/install/validate-args.js:16:5
42 verbose stack     at /usr/local/lib/node_modules/npm/node_modules/slide/lib/async-map.js:52:35
42 verbose stack     at Array.forEach (native)
42 verbose stack     at /usr/local/lib/node_modules/npm/node_modules/slide/lib/async-map.js:52:11
42 verbose stack     at Array.forEach (native)
42 verbose stack     at asyncMap (/usr/local/lib/node_modules/npm/node_modules/slide/lib/async-map.js:51:8)
43 verbose cwd /Users/jeremy/projects/ChilliSource.Web.Forms
44 error Darwin 16.7.0
45 error argv "/usr/local/Cellar/node/7.7.3/bin/node" "/usr/local/bin/npm" "i" "-S" "cs.forms"
46 error node v7.7.3
47 error npm  v4.1.2
48 error code ENOSELF
49 error Refusing to install package with name "cs.forms" under a package
49 error also called "cs.forms". Did you name your project the same
49 error as the dependency you're installing?
49 error
49 error For more information, see:
49 error     <https://docs.npmjs.com/cli/install#limitations-of-npms-install-algorithm>
50 error If you need help, you may report this error at:
50 error     <https://github.com/npm/npm/issues>
51 verbose exit [ 1, true ]
